<?xml version="1.0" encoding="UTF-8"?>
<testng-results ignored="0" total="1" passed="1" failed="0" skipped="0">
  <reporter-output>
  </reporter-output>
  <suite started-at="2024-03-25T20:18:31 IST" name="Default suite" finished-at="2024-03-25T20:18:38 IST" duration-ms="6672">
    <groups>
    </groups>
    <test started-at="2024-03-25T20:18:31 IST" name="Default test" finished-at="2024-03-25T20:18:38 IST" duration-ms="6672">
      <class name="com.in.ExcelRAutomationProjectBrowserLunch.scrollarrow">
        <test-method is-config="true" signature="browseropening()[pri:0, instance:com.in.ExcelRAutomationProjectBrowserLunch.scrollarrow@36902638]" started-at="2024-03-25T20:18:31 IST" name="browseropening" finished-at="2024-03-25T20:18:37 IST" duration-ms="6182" status="PASS">
          <reporter-output>
          </reporter-output>
        </test-method> <!-- browseropening -->
        <test-method signature="addcart()[pri:0, instance:com.in.ExcelRAutomationProjectBrowserLunch.scrollarrow@36902638]" started-at="2024-03-25T20:18:37 IST" name="addcart" finished-at="2024-03-25T20:18:38 IST" duration-ms="334" status="PASS">
          <reporter-output>
          </reporter-output>
        </test-method> <!-- addcart -->
        <test-method is-config="true" signature="teardown()[pri:0, instance:com.in.ExcelRAutomationProjectBrowserLunch.scrollarrow@36902638]" started-at="2024-03-25T20:18:38 IST" name="teardown" finished-at="2024-03-25T20:18:38 IST" duration-ms="112" status="PASS">
          <reporter-output>
          </reporter-output>
        </test-method> <!-- teardown -->
      </class> <!-- com.in.ExcelRAutomationProjectBrowserLunch.scrollarrow -->
    </test> <!-- Default test -->
  </suite> <!-- Default suite -->
</testng-results>
